\BOOKMARK [1][-]{Doc-Start}{\376\377\000T\000i\000t\000l\000e\000\040\000p\000a\000g\000e}{}% 1
\BOOKMARK [1][-]{Doc-Start}{\376\377\000C\000o\000n\000t\000e\000n\000t\000s}{}% 2
\BOOKMARK [0][-]{part.1}{\376\377\000I\000\040\000\040\000I\000n\000v\000e\000n\000t\000o\000\040\000M\000a\000n\000a\000g\000e\000m\000e\000n\000t\000\040\000S\000y\000s\000t\000e\000m\000\040}{}% 3
\BOOKMARK [1][-]{section*.2}{\376\377\000O\000v\000e\000r\000v\000i\000e\000w}{part.1}% 4
\BOOKMARK [1][-]{section*.3}{\376\377\000F\000e\000a\000t\000u\000r\000e\000s}{part.1}% 5
\BOOKMARK [1][-]{section*.4}{\376\377\000S\000e\000t\000u\000p}{part.1}% 6
\BOOKMARK [0][-]{part.2}{\376\377\000I\000I\000\040\000U\000s\000e\000r\000\040\000G\000u\000i\000d\000e}{}% 7
\BOOKMARK [0][-]{part.3}{\376\377\000I\000I\000I\000\040\000\040\000P\000r\000o\000c\000e\000s\000s\000\040\000a\000n\000d\000\040\000T\000o\000o\000l\000s\000\040}{}% 8
\BOOKMARK [1][-]{section*.5}{\376\377\000F\000l\000o\000w\000c\000h\000a\000r\000t}{part.3}% 9
\BOOKMARK [1][-]{section*.6}{\376\377\000D\000a\000t\000a\000b\000a\000s\000e}{part.3}% 10
\BOOKMARK [1][-]{section*.7}{\376\377\000U\000s\000e\000r\000\040\000I\000n\000t\000e\000r\000f\000a\000c\000e}{part.3}% 11
\BOOKMARK [1][-]{section*.8}{\376\377\000D\000e\000v\000e\000l\000o\000p\000m\000e\000n\000t\000\040\000T\000o\000o\000l\000s}{part.3}% 12
\BOOKMARK [0][-]{part.4}{\376\377\000I\000V\000\040\000\040\000C\000o\000d\000e\000\040\000D\000o\000c\000u\000m\000e\000n\000t\000a\000t\000i\000o\000n\000\040}{}% 13
\BOOKMARK [1][-]{section*.9}{\376\377\000P\000r\000o\000j\000e\000c\000t\000\040\000S\000t\000r\000u\000c\000t\000u\000r\000e}{part.4}% 14
\BOOKMARK [1][-]{section*.10}{\376\377\000M\000a\000i\000n\000\040\000f\000i\000l\000e}{part.4}% 15
\BOOKMARK [2][-]{section*.11}{\376\377\000M\000a\000i\000n\000.\000p\000y}{section*.10}% 16
\BOOKMARK [1][-]{section*.12}{\376\377\000u\000t\000i\000l\000s\000\040\000p\000a\000c\000k\000a\000g\000e}{part.4}% 17
\BOOKMARK [2][-]{section*.13}{\376\377\000a\000c\000c\000o\000u\000n\000t\000s\000.\000p\000y}{section*.12}% 18
\BOOKMARK [2][-]{section*.14}{\376\377\000a\000s\000s\000e\000t\000s\000.\000p\000y}{section*.12}% 19
\BOOKMARK [2][-]{section*.15}{\376\377\000d\000e\000p\000e\000n\000d\000e\000n\000c\000i\000e\000s\000.\000p\000y}{section*.12}% 20
\BOOKMARK [2][-]{section*.16}{\376\377\000i\000c\000o\000n\000s\000.\000p\000y}{section*.12}% 21
\BOOKMARK [2][-]{section*.17}{\376\377\000i\000t\000e\000m\000d\000a\000t\000a\000.\000p\000y}{section*.12}% 22
\BOOKMARK [2][-]{section*.18}{\376\377\000r\000a\000n\000d\000o\000m\000p\000i\000c\000.\000p\000y}{section*.12}% 23
\BOOKMARK [2][-]{section*.19}{\376\377\000s\000e\000t\000t\000i\000n\000g\000s\000.\000p\000y}{section*.12}% 24
\BOOKMARK [1][-]{section*.20}{\376\377\000c\000u\000s\000t\000o\000m\000w\000i\000d\000g\000e\000t\000\040\000p\000a\000c\000k\000a\000g\000e}{part.4}% 25
\BOOKMARK [2][-]{section*.21}{\376\377\000C\000t\000m\000T\000r\000e\000e\000V\000i\000e\000w\000.\000p\000y}{section*.20}% 26
\BOOKMARK [2][-]{section*.22}{\376\377\000I\000n\000t\000S\000p\000i\000n\000B\000o\000x\000.\000p\000y}{section*.20}% 27
\BOOKMARK [2][-]{section*.23}{\376\377\000L\000o\000g\000i\000n\000B\000g\000.\000p\000y}{section*.20}% 28
\BOOKMARK [2][-]{section*.24}{\376\377\000S\000a\000l\000e\000s\000G\000r\000a\000p\000h\000.\000p\000y}{section*.20}% 29
\BOOKMARK [1][-]{section*.25}{\376\377\000P\000a\000g\000e\000s}{part.4}% 30
\BOOKMARK [2][-]{section*.26}{\376\377\000L\000o\000g\000i\000n\000P\000a\000g\000e\000.\000p\000y}{section*.25}% 31
\BOOKMARK [2][-]{section*.27}{\376\377\000R\000e\000g\000i\000s\000t\000e\000r\000P\000a\000g\000e\000.\000p\000y}{section*.25}% 32
\BOOKMARK [2][-]{section*.28}{\376\377\000I\000n\000v\000e\000n\000t\000o\000r\000y\000P\000a\000g\000e\000.\000p\000y}{section*.25}% 33
\BOOKMARK [1][-]{section*.29}{\376\377\000T\000a\000b\000s}{part.4}% 34
\BOOKMARK [2][-]{section*.30}{\376\377\000A\000c\000c\000o\000u\000n\000t\000T\000a\000b\000.\000p\000y}{section*.29}% 35
\BOOKMARK [2][-]{section*.31}{\376\377\000D\000a\000s\000h\000b\000o\000a\000r\000d\000T\000a\000b\000.\000p\000y}{section*.29}% 36
\BOOKMARK [2][-]{section*.32}{\376\377\000P\000r\000o\000d\000u\000c\000t\000T\000a\000b\000.\000p\000y}{section*.29}% 37
\BOOKMARK [2][-]{section*.33}{\376\377\000S\000e\000t\000t\000i\000n\000g\000s\000T\000a\000b\000.\000p\000y}{section*.29}% 38
\BOOKMARK [2][-]{section*.34}{\376\377\000A\000b\000o\000u\000t\000T\000a\000b\000.\000p\000y}{section*.29}% 39
